<?xml version="1.0" encoding="UTF-8"?>
<testsuite xmlns:xsi="http://www.w3.org/2001/XMLSchema-instance" xsi:noNamespaceSchemaLocation="https://maven.apache.org/surefire/maven-surefire-plugin/xsd/surefire-test-report-3.0.xsd" version="3.0" name="org.udea.parabank.TestRunner" time="16.023" tests="2" errors="0" skipped="0" failures="0">
  <properties>
[...]
</properties>
  <testcase name="[1:8] Retrieve account information" classname="org/udea/parabank/accountInfo" time="10.69">
    <system-out><![CDATA[18:17:05.329 [main] INFO  com.intuit.karate.Runner - using system property 'karate.env': local
18:17:05.874 [main] DEBUG com.intuit.karate.Suite - [config] classpath:karate-config.js
18:17:11.139 [main] DEBUG com.intuit.karate - request:
1 > GET https://parabank.parasoft.com/parabank/services/bank/customers/12212/accounts
1 > Accept: application/json
1 > Host: parabank.parasoft.com
1 > Connection: Keep-Alive
1 > User-Agent: Apache-HttpClient/4.5.13 (Java/17.0.10)
1 > Accept-Encoding: gzip,deflate


18:17:12.753 [main] DEBUG com.intuit.karate - response time in milliseconds: 1604
1 < 200
1 < Date: Thu, 19 Jun 2025 23:17:12 GMT
1 < Content-Type: application/json
1 < Transfer-Encoding: chunked
1 < Connection: keep-alive
1 < Cf-Cache-Status: DYNAMIC
1 < X-Content-Type-Options: nosniff
1 < Server: cloudflare
1 < Cf-Ray: 9526bd114eff50fd-MIA
[{"id":12345,"customerId":12212,"type":"CHECKING","balance":-2300.00},{"id":12456,"customerId":12212,"type":"CHECKING","balance":10.45},{"id":12567,"customerId":12212,"type":"CHECKING","balance":100.00},{"id":12678,"customerId":12212,"type":"SAVINGS","balance":-100.00},{"id":12789,"customerId":12212,"type":"CHECKING","balance":100.00},{"id":12900,"customerId":12212,"type":"CHECKING","balance":0.00},{"id":13011,"customerId":12212,"type":"CHECKING","balance":100.00},{"id":13122,"customerId":12212,"type":"CHECKING","balance":1100.00},{"id":13233,"customerId":12212,"type":"CHECKING","balance":100.00},{"id":13344,"customerId":12212,"type":"SAVINGS","balance":1231.10},{"id":54321,"customerId":12212,"type":"CHECKING","balance":1351.12}]

---------------------------------------------------------
feature: classpath:org/udea/parabank/accountInfo.feature
scenarios:  1 | passed:  1 | failed:  0 | time: 3,1683
---------------------------------------------------------

Karate version: 1.3.1 | env: local
======================================================
elapsed:  10,88 | threads:    1 | thread time: 3,17 
features:     1 | skipped:    0 | efficiency: 0,29
scenarios:    1 | passed:     1 | failed: 0
======================================================

HTML report: (paste into browser to view) | Karate version: 1.3.1 | env: local
file:///C:/Users/andre/Desktop/uni/Pruebas%20de%20software/Karate-ProyectoPS/target/karate-reports/karate-summary.html
===================================================================

]]></system-out>
  </testcase>
  <testcase name="[1:8] Customer Login" classname="org/udea/parabank/login" time="1.656">
    <system-out><![CDATA[18:17:16.794 [main] INFO  com.intuit.karate.Runner - using system property 'karate.env': local
18:17:16.832 [main] DEBUG com.intuit.karate.Suite - [config] classpath:karate-config.js
18:17:16.907 [main] DEBUG com.intuit.karate - request:
1 > GET https://parabank.parasoft.com/parabank/services/bank/login/john/demo
1 > Accept: application/json
1 > Host: parabank.parasoft.com
1 > Connection: Keep-Alive
1 > User-Agent: Apache-HttpClient/4.5.13 (Java/17.0.10)
1 > Accept-Encoding: gzip,deflate


18:17:17.854 [main] DEBUG com.intuit.karate - response time in milliseconds: 942
1 < 200
1 < Date: Thu, 19 Jun 2025 23:17:17 GMT
1 < Content-Type: application/json
1 < Transfer-Encoding: chunked
1 < Connection: keep-alive
1 < Cf-Cache-Status: DYNAMIC
1 < X-Content-Type-Options: nosniff
1 < Server: cloudflare
1 < Cf-Ray: 9526bd314db9a512-MIA
{"id":12212,"firstName":"John","lastName":"Smith","address":{"street":"1431 Main St","city":"Beverly Hills","state":"CA","zipCode":"90210"},"phoneNumber":"310-447-4121","ssn":"622-11-9999"}

---------------------------------------------------------
feature: classpath:org/udea/parabank/login.feature
scenarios:  1 | passed:  1 | failed:  0 | time: 0,9714
---------------------------------------------------------

Karate version: 1.3.1 | env: local
======================================================
elapsed:   1,22 | threads:    1 | thread time: 0,97 
features:     1 | skipped:    0 | efficiency: 0,80
scenarios:    1 | passed:     1 | failed: 0
======================================================

HTML report: (paste into browser to view) | Karate version: 1.3.1 | env: local
file:///C:/Users/andre/Desktop/uni/Pruebas%20de%20software/Karate-ProyectoPS/target/karate-reports/karate-summary.html
===================================================================

]]></system-out>
  </testcase>
</testsuite>